<?xml version="1.0" encoding="UTF-8"?>
<testsuites name="RegressionTest" tests="25" time="0.000">
  <testsuite name="Get All Activities" id="194c7b87-94cf-40ee-bc83-653f1fdf1c56" timestamp="2022-12-20T18:12:26.754Z" tests="1" failures="1" errors="1" time="0.000">
    <system-err><![CDATA[Iteration: 0
RequestError: Error: getaddrinfo ENOTFOUND ligirkappservice.azurewebsites.net
    at GetAddrInfoReqWrap.onlookup [as oncomplete] (node:dns:71:26)

---
]]></system-err>
    <testcase name="Get All Activities endpoint response code is 200" time="0.000" classname="RegressionTest">
      <failure type="AssertionFailure" message="expected { Object (id, _details, ...) } to have property 'code'">
        <![CDATA[Failed 1 times.]]>
        <![CDATA[Collection JSON ID: 0b0c8735-4da4-4753-8415-d2acfa72d693.]]>
        <![CDATA[Collection name: RegressionTest.]]>
        <![CDATA[Request name: Get All Activities.]]>
        <![CDATA[Test description: Get All Activities endpoint response code is 200.]]>
        <![CDATA[Error message: expected { Object (id, _details, ...) } to have property 'code'.]]>
        <![CDATA[Stacktrace: AssertionError: expected { Object (id, _details, ...) } to have property 'code'
   at Object.eval sandbox-script.js:1:1).]]>
      </failure>
    </testcase>
  </testsuite>
  <testsuite name="Get All Authors" id="1b9379d8-9781-4e91-a8dc-399c6e2ac87a" timestamp="2022-12-20T18:12:26.754Z" tests="1" failures="1" errors="1" time="0.000">
    <system-err><![CDATA[Iteration: 0
RequestError: Error: getaddrinfo ENOTFOUND ligirkappservice.azurewebsites.net
    at GetAddrInfoReqWrap.onlookup [as oncomplete] (node:dns:71:26)

---
]]></system-err>
    <testcase name="Get All Activities endpoint response code is 200" time="0.000" classname="RegressionTest">
      <failure type="AssertionFailure" message="expected { Object (id, _details, ...) } to have property 'code'">
        <![CDATA[Failed 1 times.]]>
        <![CDATA[Collection JSON ID: 0b0c8735-4da4-4753-8415-d2acfa72d693.]]>
        <![CDATA[Collection name: RegressionTest.]]>
        <![CDATA[Request name: Get All Authors.]]>
        <![CDATA[Test description: Get All Activities endpoint response code is 200.]]>
        <![CDATA[Error message: expected { Object (id, _details, ...) } to have property 'code'.]]>
        <![CDATA[Stacktrace: AssertionError: expected { Object (id, _details, ...) } to have property 'code'
   at Object.eval sandbox-script.js:1:2).]]>
      </failure>
    </testcase>
  </testsuite>
  <testsuite name="Get All Books" id="82298347-818c-4404-88fd-80815486eb40" timestamp="2022-12-20T18:12:26.754Z" tests="1" failures="1" errors="1" time="0.000">
    <system-err><![CDATA[Iteration: 0
RequestError: Error: getaddrinfo ENOTFOUND ligirkappservice.azurewebsites.net
    at GetAddrInfoReqWrap.onlookup [as oncomplete] (node:dns:71:26)

---
]]></system-err>
    <testcase name="Get All Activities endpoint response code is 200" time="0.000" classname="RegressionTest">
      <failure type="AssertionFailure" message="expected { Object (id, _details, ...) } to have property 'code'">
        <![CDATA[Failed 1 times.]]>
        <![CDATA[Collection JSON ID: 0b0c8735-4da4-4753-8415-d2acfa72d693.]]>
        <![CDATA[Collection name: RegressionTest.]]>
        <![CDATA[Request name: Get All Books.]]>
        <![CDATA[Test description: Get All Activities endpoint response code is 200.]]>
        <![CDATA[Error message: expected { Object (id, _details, ...) } to have property 'code'.]]>
        <![CDATA[Stacktrace: AssertionError: expected { Object (id, _details, ...) } to have property 'code'
   at Object.eval sandbox-script.js:1:3).]]>
      </failure>
    </testcase>
  </testsuite>
  <testsuite name="Get All CoverPhotos" id="f91af3a8-6b7b-4a9c-bcdc-93fce98c52ba" timestamp="2022-12-20T18:12:26.754Z" tests="1" failures="1" errors="1" time="0.000">
    <system-err><![CDATA[Iteration: 0
RequestError: Error: getaddrinfo ENOTFOUND ligirkappservice.azurewebsites.net
    at GetAddrInfoReqWrap.onlookup [as oncomplete] (node:dns:71:26)

---
]]></system-err>
    <testcase name="Get All Activities endpoint response code is 200" time="0.000" classname="RegressionTest">
      <failure type="AssertionFailure" message="expected { Object (id, _details, ...) } to have property 'code'">
        <![CDATA[Failed 1 times.]]>
        <![CDATA[Collection JSON ID: 0b0c8735-4da4-4753-8415-d2acfa72d693.]]>
        <![CDATA[Collection name: RegressionTest.]]>
        <![CDATA[Request name: Get All CoverPhotos.]]>
        <![CDATA[Test description: Get All Activities endpoint response code is 200.]]>
        <![CDATA[Error message: expected { Object (id, _details, ...) } to have property 'code'.]]>
        <![CDATA[Stacktrace: AssertionError: expected { Object (id, _details, ...) } to have property 'code'
   at Object.eval sandbox-script.js:1:4).]]>
      </failure>
    </testcase>
  </testsuite>
  <testsuite name="Get All Users" id="54fc9168-239c-4356-9dbd-e3c944dec825" timestamp="2022-12-20T18:12:26.754Z" tests="1" failures="1" errors="1" time="0.000">
    <system-err><![CDATA[Iteration: 0
RequestError: Error: getaddrinfo ENOTFOUND ligirkappservice.azurewebsites.net
    at GetAddrInfoReqWrap.onlookup [as oncomplete] (node:dns:71:26)

---
]]></system-err>
    <testcase name="Get All Activities endpoint response code is 200" time="0.000" classname="RegressionTest">
      <failure type="AssertionFailure" message="expected { Object (id, _details, ...) } to have property 'code'">
        <![CDATA[Failed 1 times.]]>
        <![CDATA[Collection JSON ID: 0b0c8735-4da4-4753-8415-d2acfa72d693.]]>
        <![CDATA[Collection name: RegressionTest.]]>
        <![CDATA[Request name: Get All Users.]]>
        <![CDATA[Test description: Get All Activities endpoint response code is 200.]]>
        <![CDATA[Error message: expected { Object (id, _details, ...) } to have property 'code'.]]>
        <![CDATA[Stacktrace: AssertionError: expected { Object (id, _details, ...) } to have property 'code'
   at Object.eval sandbox-script.js:1:5).]]>
      </failure>
    </testcase>
  </testsuite>
  <testsuite name="Create Activity" id="19f009df-72f8-44a0-8ff0-91af7b968705" timestamp="2022-12-20T18:12:26.754Z" tests="1" failures="1" errors="1" time="0.000">
    <system-err><![CDATA[Iteration: 0
RequestError: Error: getaddrinfo ENOTFOUND ligirkappservice.azurewebsites.net
    at GetAddrInfoReqWrap.onlookup [as oncomplete] (node:dns:71:26)

---
]]></system-err>
    <testcase name="Get All Activities endpoint response code is 200" time="0.000" classname="RegressionTest">
      <failure type="AssertionFailure" message="expected { Object (id, _details, ...) } to have property 'code'">
        <![CDATA[Failed 1 times.]]>
        <![CDATA[Collection JSON ID: 0b0c8735-4da4-4753-8415-d2acfa72d693.]]>
        <![CDATA[Collection name: RegressionTest.]]>
        <![CDATA[Request name: Create Activity.]]>
        <![CDATA[Test description: Get All Activities endpoint response code is 200.]]>
        <![CDATA[Error message: expected { Object (id, _details, ...) } to have property 'code'.]]>
        <![CDATA[Stacktrace: AssertionError: expected { Object (id, _details, ...) } to have property 'code'
   at Object.eval sandbox-script.js:1:6).]]>
      </failure>
    </testcase>
  </testsuite>
  <testsuite name="Create Author" id="49b23c7e-d79c-4b21-ad64-a44a606f6e1f" timestamp="2022-12-20T18:12:26.754Z" tests="1" failures="1" errors="1" time="0.000">
    <system-err><![CDATA[Iteration: 0
RequestError: Error: getaddrinfo ENOTFOUND ligirkappservice.azurewebsites.net
    at GetAddrInfoReqWrap.onlookup [as oncomplete] (node:dns:71:26)

---
]]></system-err>
    <testcase name="Get All Activities endpoint response code is 200" time="0.000" classname="RegressionTest">
      <failure type="AssertionFailure" message="expected { Object (id, _details, ...) } to have property 'code'">
        <![CDATA[Failed 1 times.]]>
        <![CDATA[Collection JSON ID: 0b0c8735-4da4-4753-8415-d2acfa72d693.]]>
        <![CDATA[Collection name: RegressionTest.]]>
        <![CDATA[Request name: Create Author.]]>
        <![CDATA[Test description: Get All Activities endpoint response code is 200.]]>
        <![CDATA[Error message: expected { Object (id, _details, ...) } to have property 'code'.]]>
        <![CDATA[Stacktrace: AssertionError: expected { Object (id, _details, ...) } to have property 'code'
   at Object.eval sandbox-script.js:1:7).]]>
      </failure>
    </testcase>
  </testsuite>
  <testsuite name="Create Book" id="8f800580-e180-4819-823d-c22b8e89c2cf" timestamp="2022-12-20T18:12:26.754Z" tests="1" failures="1" errors="1" time="0.000">
    <system-err><![CDATA[Iteration: 0
RequestError: Error: getaddrinfo ENOTFOUND ligirkappservice.azurewebsites.net
    at GetAddrInfoReqWrap.onlookup [as oncomplete] (node:dns:71:26)

---
]]></system-err>
    <testcase name="Get All Activities endpoint response code is 200" time="0.000" classname="RegressionTest">
      <failure type="AssertionFailure" message="expected { Object (id, _details, ...) } to have property 'code'">
        <![CDATA[Failed 1 times.]]>
        <![CDATA[Collection JSON ID: 0b0c8735-4da4-4753-8415-d2acfa72d693.]]>
        <![CDATA[Collection name: RegressionTest.]]>
        <![CDATA[Request name: Create Book.]]>
        <![CDATA[Test description: Get All Activities endpoint response code is 200.]]>
        <![CDATA[Error message: expected { Object (id, _details, ...) } to have property 'code'.]]>
        <![CDATA[Stacktrace: AssertionError: expected { Object (id, _details, ...) } to have property 'code'
   at Object.eval sandbox-script.js:1:8).]]>
      </failure>
    </testcase>
  </testsuite>
  <testsuite name="Create CoverPhoto" id="3d0b2a7e-498a-4f99-b656-ec1b6abe9124" timestamp="2022-12-20T18:12:26.754Z" tests="1" failures="1" errors="1" time="0.000">
    <system-err><![CDATA[Iteration: 0
RequestError: Error: getaddrinfo ENOTFOUND ligirkappservice.azurewebsites.net
    at GetAddrInfoReqWrap.onlookup [as oncomplete] (node:dns:71:26)

---
]]></system-err>
    <testcase name="Get All Activities endpoint response code is 200" time="0.000" classname="RegressionTest">
      <failure type="AssertionFailure" message="expected { Object (id, _details, ...) } to have property 'code'">
        <![CDATA[Failed 1 times.]]>
        <![CDATA[Collection JSON ID: 0b0c8735-4da4-4753-8415-d2acfa72d693.]]>
        <![CDATA[Collection name: RegressionTest.]]>
        <![CDATA[Request name: Create CoverPhoto.]]>
        <![CDATA[Test description: Get All Activities endpoint response code is 200.]]>
        <![CDATA[Error message: expected { Object (id, _details, ...) } to have property 'code'.]]>
        <![CDATA[Stacktrace: AssertionError: expected { Object (id, _details, ...) } to have property 'code'
   at Object.eval sandbox-script.js:1:9).]]>
      </failure>
    </testcase>
  </testsuite>
  <testsuite name="Create User" id="52a6d890-92a5-48e1-8c81-dec9d728ae2b" timestamp="2022-12-20T18:12:26.754Z" tests="1" failures="1" errors="1" time="0.000">
    <system-err><![CDATA[Iteration: 0
RequestError: Error: getaddrinfo ENOTFOUND ligirkappservice.azurewebsites.net
    at GetAddrInfoReqWrap.onlookup [as oncomplete] (node:dns:71:26)

---
]]></system-err>
    <testcase name="Get All Activities endpoint response code is 200" time="0.000" classname="RegressionTest">
      <failure type="AssertionFailure" message="expected { Object (id, _details, ...) } to have property 'code'">
        <![CDATA[Failed 1 times.]]>
        <![CDATA[Collection JSON ID: 0b0c8735-4da4-4753-8415-d2acfa72d693.]]>
        <![CDATA[Collection name: RegressionTest.]]>
        <![CDATA[Request name: Create User.]]>
        <![CDATA[Test description: Get All Activities endpoint response code is 200.]]>
        <![CDATA[Error message: expected { Object (id, _details, ...) } to have property 'code'.]]>
        <![CDATA[Stacktrace: AssertionError: expected { Object (id, _details, ...) } to have property 'code'
   at Object.eval sandbox-script.js:1:10).]]>
      </failure>
    </testcase>
  </testsuite>
  <testsuite name="Get Activity" id="6b6e333c-d9a9-431e-ad67-262d08a9e767" timestamp="2022-12-20T18:12:26.754Z" tests="1" failures="1" errors="1" time="0.000">
    <system-err><![CDATA[Iteration: 0
RequestError: Error: getaddrinfo ENOTFOUND ligirkappservice.azurewebsites.net
    at GetAddrInfoReqWrap.onlookup [as oncomplete] (node:dns:71:26)

---
]]></system-err>
    <testcase name="Get All Activities endpoint response code is 200" time="0.000" classname="RegressionTest">
      <failure type="AssertionFailure" message="expected { Object (id, _details, ...) } to have property 'code'">
        <![CDATA[Failed 1 times.]]>
        <![CDATA[Collection JSON ID: 0b0c8735-4da4-4753-8415-d2acfa72d693.]]>
        <![CDATA[Collection name: RegressionTest.]]>
        <![CDATA[Request name: Get Activity.]]>
        <![CDATA[Test description: Get All Activities endpoint response code is 200.]]>
        <![CDATA[Error message: expected { Object (id, _details, ...) } to have property 'code'.]]>
        <![CDATA[Stacktrace: AssertionError: expected { Object (id, _details, ...) } to have property 'code'
   at Object.eval sandbox-script.js:1:11).]]>
      </failure>
    </testcase>
  </testsuite>
  <testsuite name="Get Author" id="1a8d556c-9976-4161-a829-e9cc923aa554" timestamp="2022-12-20T18:12:26.754Z" tests="1" failures="1" errors="1" time="0.000">
    <system-err><![CDATA[Iteration: 0
RequestError: Error: getaddrinfo ENOTFOUND ligirkappservice.azurewebsites.net
    at GetAddrInfoReqWrap.onlookup [as oncomplete] (node:dns:71:26)

---
]]></system-err>
    <testcase name="Get All Activities endpoint response code is 200" time="0.000" classname="RegressionTest">
      <failure type="AssertionFailure" message="expected { Object (id, _details, ...) } to have property 'code'">
        <![CDATA[Failed 1 times.]]>
        <![CDATA[Collection JSON ID: 0b0c8735-4da4-4753-8415-d2acfa72d693.]]>
        <![CDATA[Collection name: RegressionTest.]]>
        <![CDATA[Request name: Get Author.]]>
        <![CDATA[Test description: Get All Activities endpoint response code is 200.]]>
        <![CDATA[Error message: expected { Object (id, _details, ...) } to have property 'code'.]]>
        <![CDATA[Stacktrace: AssertionError: expected { Object (id, _details, ...) } to have property 'code'
   at Object.eval sandbox-script.js:1:12).]]>
      </failure>
    </testcase>
  </testsuite>
  <testsuite name="Get Book" id="6c540e44-16ab-41c3-8bde-6150179f6eef" timestamp="2022-12-20T18:12:26.754Z" tests="1" failures="1" errors="1" time="0.000">
    <system-err><![CDATA[Iteration: 0
RequestError: Error: getaddrinfo ENOTFOUND ligirkappservice.azurewebsites.net
    at GetAddrInfoReqWrap.onlookup [as oncomplete] (node:dns:71:26)

---
]]></system-err>
    <testcase name="Get All Activities endpoint response code is 200" time="0.000" classname="RegressionTest">
      <failure type="AssertionFailure" message="expected { Object (id, _details, ...) } to have property 'code'">
        <![CDATA[Failed 1 times.]]>
        <![CDATA[Collection JSON ID: 0b0c8735-4da4-4753-8415-d2acfa72d693.]]>
        <![CDATA[Collection name: RegressionTest.]]>
        <![CDATA[Request name: Get Book.]]>
        <![CDATA[Test description: Get All Activities endpoint response code is 200.]]>
        <![CDATA[Error message: expected { Object (id, _details, ...) } to have property 'code'.]]>
        <![CDATA[Stacktrace: AssertionError: expected { Object (id, _details, ...) } to have property 'code'
   at Object.eval sandbox-script.js:1:13).]]>
      </failure>
    </testcase>
  </testsuite>
  <testsuite name="Get CoverPhoto" id="9b5bdbde-7739-4473-a1bc-0317c80ba829" timestamp="2022-12-20T18:12:26.754Z" tests="1" failures="1" errors="1" time="0.000">
    <system-err><![CDATA[Iteration: 0
RequestError: Error: getaddrinfo ENOTFOUND ligirkappservice.azurewebsites.net
    at GetAddrInfoReqWrap.onlookup [as oncomplete] (node:dns:71:26)

---
]]></system-err>
    <testcase name="Get All Activities endpoint response code is 200" time="0.000" classname="RegressionTest">
      <failure type="AssertionFailure" message="expected { Object (id, _details, ...) } to have property 'code'">
        <![CDATA[Failed 1 times.]]>
        <![CDATA[Collection JSON ID: 0b0c8735-4da4-4753-8415-d2acfa72d693.]]>
        <![CDATA[Collection name: RegressionTest.]]>
        <![CDATA[Request name: Get CoverPhoto.]]>
        <![CDATA[Test description: Get All Activities endpoint response code is 200.]]>
        <![CDATA[Error message: expected { Object (id, _details, ...) } to have property 'code'.]]>
        <![CDATA[Stacktrace: AssertionError: expected { Object (id, _details, ...) } to have property 'code'
   at Object.eval sandbox-script.js:1:14).]]>
      </failure>
    </testcase>
  </testsuite>
  <testsuite name="Get User" id="edb3ee5c-0f7a-40cd-878c-fa515946eec8" timestamp="2022-12-20T18:12:26.754Z" tests="1" failures="1" errors="1" time="0.000">
    <system-err><![CDATA[Iteration: 0
RequestError: Error: getaddrinfo ENOTFOUND ligirkappservice.azurewebsites.net
    at GetAddrInfoReqWrap.onlookup [as oncomplete] (node:dns:71:26)

---
]]></system-err>
    <testcase name="Get All Activities endpoint response code is 200" time="0.000" classname="RegressionTest">
      <failure type="AssertionFailure" message="expected { Object (id, _details, ...) } to have property 'code'">
        <![CDATA[Failed 1 times.]]>
        <![CDATA[Collection JSON ID: 0b0c8735-4da4-4753-8415-d2acfa72d693.]]>
        <![CDATA[Collection name: RegressionTest.]]>
        <![CDATA[Request name: Get User.]]>
        <![CDATA[Test description: Get All Activities endpoint response code is 200.]]>
        <![CDATA[Error message: expected { Object (id, _details, ...) } to have property 'code'.]]>
        <![CDATA[Stacktrace: AssertionError: expected { Object (id, _details, ...) } to have property 'code'
   at Object.eval sandbox-script.js:1:15).]]>
      </failure>
    </testcase>
  </testsuite>
  <testsuite name="Update Activity" id="e1aec07f-9e7d-4c7c-a27f-853252e84a7a" timestamp="2022-12-20T18:12:26.754Z" tests="1" failures="1" errors="1" time="0.000">
    <system-err><![CDATA[Iteration: 0
RequestError: Error: getaddrinfo ENOTFOUND ligirkappservice.azurewebsites.net
    at GetAddrInfoReqWrap.onlookup [as oncomplete] (node:dns:71:26)

---
]]></system-err>
    <testcase name="Get All Activities endpoint response code is 200" time="0.000" classname="RegressionTest">
      <failure type="AssertionFailure" message="expected { Object (id, _details, ...) } to have property 'code'">
        <![CDATA[Failed 1 times.]]>
        <![CDATA[Collection JSON ID: 0b0c8735-4da4-4753-8415-d2acfa72d693.]]>
        <![CDATA[Collection name: RegressionTest.]]>
        <![CDATA[Request name: Update Activity.]]>
        <![CDATA[Test description: Get All Activities endpoint response code is 200.]]>
        <![CDATA[Error message: expected { Object (id, _details, ...) } to have property 'code'.]]>
        <![CDATA[Stacktrace: AssertionError: expected { Object (id, _details, ...) } to have property 'code'
   at Object.eval sandbox-script.js:1:16).]]>
      </failure>
    </testcase>
  </testsuite>
  <testsuite name="Update Author" id="b5275edc-b4ba-4106-97aa-bfe46b25c85a" timestamp="2022-12-20T18:12:26.754Z" tests="1" failures="1" errors="1" time="0.000">
    <system-err><![CDATA[Iteration: 0
RequestError: Error: getaddrinfo ENOTFOUND ligirkappservice.azurewebsites.net
    at GetAddrInfoReqWrap.onlookup [as oncomplete] (node:dns:71:26)

---
]]></system-err>
    <testcase name="Get All Activities endpoint response code is 200" time="0.000" classname="RegressionTest">
      <failure type="AssertionFailure" message="expected { Object (id, _details, ...) } to have property 'code'">
        <![CDATA[Failed 1 times.]]>
        <![CDATA[Collection JSON ID: 0b0c8735-4da4-4753-8415-d2acfa72d693.]]>
        <![CDATA[Collection name: RegressionTest.]]>
        <![CDATA[Request name: Update Author.]]>
        <![CDATA[Test description: Get All Activities endpoint response code is 200.]]>
        <![CDATA[Error message: expected { Object (id, _details, ...) } to have property 'code'.]]>
        <![CDATA[Stacktrace: AssertionError: expected { Object (id, _details, ...) } to have property 'code'
   at Object.eval sandbox-script.js:1:17).]]>
      </failure>
    </testcase>
  </testsuite>
  <testsuite name="Update Book" id="9f70f06b-b1b3-4094-ba5b-331661de8586" timestamp="2022-12-20T18:12:26.754Z" tests="1" failures="1" errors="1" time="0.000">
    <system-err><![CDATA[Iteration: 0
RequestError: Error: getaddrinfo ENOTFOUND ligirkappservice.azurewebsites.net
    at GetAddrInfoReqWrap.onlookup [as oncomplete] (node:dns:71:26)

---
]]></system-err>
    <testcase name="Get All Activities endpoint response code is 200" time="0.000" classname="RegressionTest">
      <failure type="AssertionFailure" message="expected { Object (id, _details, ...) } to have property 'code'">
        <![CDATA[Failed 1 times.]]>
        <![CDATA[Collection JSON ID: 0b0c8735-4da4-4753-8415-d2acfa72d693.]]>
        <![CDATA[Collection name: RegressionTest.]]>
        <![CDATA[Request name: Update Book.]]>
        <![CDATA[Test description: Get All Activities endpoint response code is 200.]]>
        <![CDATA[Error message: expected { Object (id, _details, ...) } to have property 'code'.]]>
        <![CDATA[Stacktrace: AssertionError: expected { Object (id, _details, ...) } to have property 'code'
   at Object.eval sandbox-script.js:1:18).]]>
      </failure>
    </testcase>
  </testsuite>
  <testsuite name="Update CoverPhoto" id="88c71f6c-1865-4605-867d-a16daa31b5c2" timestamp="2022-12-20T18:12:26.754Z" tests="1" failures="1" errors="1" time="0.000">
    <system-err><![CDATA[Iteration: 0
RequestError: Error: getaddrinfo ENOTFOUND ligirkappservice.azurewebsites.net
    at GetAddrInfoReqWrap.onlookup [as oncomplete] (node:dns:71:26)

---
]]></system-err>
    <testcase name="Get All Activities endpoint response code is 200" time="0.000" classname="RegressionTest">
      <failure type="AssertionFailure" message="expected { Object (id, _details, ...) } to have property 'code'">
        <![CDATA[Failed 1 times.]]>
        <![CDATA[Collection JSON ID: 0b0c8735-4da4-4753-8415-d2acfa72d693.]]>
        <![CDATA[Collection name: RegressionTest.]]>
        <![CDATA[Request name: Update CoverPhoto.]]>
        <![CDATA[Test description: Get All Activities endpoint response code is 200.]]>
        <![CDATA[Error message: expected { Object (id, _details, ...) } to have property 'code'.]]>
        <![CDATA[Stacktrace: AssertionError: expected { Object (id, _details, ...) } to have property 'code'
   at Object.eval sandbox-script.js:1:19).]]>
      </failure>
    </testcase>
  </testsuite>
  <testsuite name="Update User" id="6510226a-041e-4d83-825c-d5f0976bdb32" timestamp="2022-12-20T18:12:26.754Z" tests="1" failures="1" errors="1" time="0.000">
    <system-err><![CDATA[Iteration: 0
RequestError: Error: getaddrinfo ENOTFOUND ligirkappservice.azurewebsites.net
    at GetAddrInfoReqWrap.onlookup [as oncomplete] (node:dns:71:26)

---
]]></system-err>
    <testcase name="Get All Activities endpoint response code is 200" time="0.000" classname="RegressionTest">
      <failure type="AssertionFailure" message="expected { Object (id, _details, ...) } to have property 'code'">
        <![CDATA[Failed 1 times.]]>
        <![CDATA[Collection JSON ID: 0b0c8735-4da4-4753-8415-d2acfa72d693.]]>
        <![CDATA[Collection name: RegressionTest.]]>
        <![CDATA[Request name: Update User.]]>
        <![CDATA[Test description: Get All Activities endpoint response code is 200.]]>
        <![CDATA[Error message: expected { Object (id, _details, ...) } to have property 'code'.]]>
        <![CDATA[Stacktrace: AssertionError: expected { Object (id, _details, ...) } to have property 'code'
   at Object.eval sandbox-script.js:1:20).]]>
      </failure>
    </testcase>
  </testsuite>
  <testsuite name="Delete Activity" id="5555fbca-6a91-4ce4-a01c-e53b988c2230" timestamp="2022-12-20T18:12:26.754Z" tests="1" failures="1" errors="1" time="0.000">
    <system-err><![CDATA[Iteration: 0
RequestError: Error: getaddrinfo ENOTFOUND ligirkappservice.azurewebsites.net
    at GetAddrInfoReqWrap.onlookup [as oncomplete] (node:dns:71:26)

---
]]></system-err>
    <testcase name="Get All Activities endpoint response code is 200" time="0.000" classname="RegressionTest">
      <failure type="AssertionFailure" message="expected { Object (id, _details, ...) } to have property 'code'">
        <![CDATA[Failed 1 times.]]>
        <![CDATA[Collection JSON ID: 0b0c8735-4da4-4753-8415-d2acfa72d693.]]>
        <![CDATA[Collection name: RegressionTest.]]>
        <![CDATA[Request name: Delete Activity.]]>
        <![CDATA[Test description: Get All Activities endpoint response code is 200.]]>
        <![CDATA[Error message: expected { Object (id, _details, ...) } to have property 'code'.]]>
        <![CDATA[Stacktrace: AssertionError: expected { Object (id, _details, ...) } to have property 'code'
   at Object.eval sandbox-script.js:1:21).]]>
      </failure>
    </testcase>
  </testsuite>
  <testsuite name="Delete Author" id="21122572-c324-4daa-bc62-bbe7ab94e6b1" timestamp="2022-12-20T18:12:26.754Z" tests="1" failures="1" errors="1" time="0.000">
    <system-err><![CDATA[Iteration: 0
RequestError: Error: getaddrinfo ENOTFOUND ligirkappservice.azurewebsites.net
    at GetAddrInfoReqWrap.onlookup [as oncomplete] (node:dns:71:26)

---
]]></system-err>
    <testcase name="Get All Activities endpoint response code is 200" time="0.000" classname="RegressionTest">
      <failure type="AssertionFailure" message="expected { Object (id, _details, ...) } to have property 'code'">
        <![CDATA[Failed 1 times.]]>
        <![CDATA[Collection JSON ID: 0b0c8735-4da4-4753-8415-d2acfa72d693.]]>
        <![CDATA[Collection name: RegressionTest.]]>
        <![CDATA[Request name: Delete Author.]]>
        <![CDATA[Test description: Get All Activities endpoint response code is 200.]]>
        <![CDATA[Error message: expected { Object (id, _details, ...) } to have property 'code'.]]>
        <![CDATA[Stacktrace: AssertionError: expected { Object (id, _details, ...) } to have property 'code'
   at Object.eval sandbox-script.js:1:22).]]>
      </failure>
    </testcase>
  </testsuite>
  <testsuite name="Delete Book" id="23228da3-d59b-41dc-a234-1827cd45d23a" timestamp="2022-12-20T18:12:26.754Z" tests="1" failures="1" errors="1" time="0.000">
    <system-err><![CDATA[Iteration: 0
RequestError: Error: getaddrinfo ENOTFOUND ligirkappservice.azurewebsites.net
    at GetAddrInfoReqWrap.onlookup [as oncomplete] (node:dns:71:26)

---
]]></system-err>
    <testcase name="Get All Activities endpoint response code is 200" time="0.000" classname="RegressionTest">
      <failure type="AssertionFailure" message="expected { Object (id, _details, ...) } to have property 'code'">
        <![CDATA[Failed 1 times.]]>
        <![CDATA[Collection JSON ID: 0b0c8735-4da4-4753-8415-d2acfa72d693.]]>
        <![CDATA[Collection name: RegressionTest.]]>
        <![CDATA[Request name: Delete Book.]]>
        <![CDATA[Test description: Get All Activities endpoint response code is 200.]]>
        <![CDATA[Error message: expected { Object (id, _details, ...) } to have property 'code'.]]>
        <![CDATA[Stacktrace: AssertionError: expected { Object (id, _details, ...) } to have property 'code'
   at Object.eval sandbox-script.js:1:23).]]>
      </failure>
    </testcase>
  </testsuite>
  <testsuite name="Delete CoverPhoto" id="426f8736-99dd-486d-98af-2a5a9804ba13" timestamp="2022-12-20T18:12:26.754Z" tests="1" failures="1" errors="1" time="0.000">
    <system-err><![CDATA[Iteration: 0
RequestError: Error: getaddrinfo ENOTFOUND ligirkappservice.azurewebsites.net
    at GetAddrInfoReqWrap.onlookup [as oncomplete] (node:dns:71:26)

---
]]></system-err>
    <testcase name="Get All Activities endpoint response code is 200" time="0.000" classname="RegressionTest">
      <failure type="AssertionFailure" message="expected { Object (id, _details, ...) } to have property 'code'">
        <![CDATA[Failed 1 times.]]>
        <![CDATA[Collection JSON ID: 0b0c8735-4da4-4753-8415-d2acfa72d693.]]>
        <![CDATA[Collection name: RegressionTest.]]>
        <![CDATA[Request name: Delete CoverPhoto.]]>
        <![CDATA[Test description: Get All Activities endpoint response code is 200.]]>
        <![CDATA[Error message: expected { Object (id, _details, ...) } to have property 'code'.]]>
        <![CDATA[Stacktrace: AssertionError: expected { Object (id, _details, ...) } to have property 'code'
   at Object.eval sandbox-script.js:1:24).]]>
      </failure>
    </testcase>
  </testsuite>
  <testsuite name="Delete User" id="e1fa227e-1298-424f-982a-59078f5b9fef" timestamp="2022-12-20T18:12:26.754Z" tests="1" failures="1" errors="1" time="0.000">
    <system-err><![CDATA[Iteration: 0
RequestError: Error: getaddrinfo ENOTFOUND ligirkappservice.azurewebsites.net
    at GetAddrInfoReqWrap.onlookup [as oncomplete] (node:dns:71:26)

---
]]></system-err>
    <testcase name="Get All Activities endpoint response code is 200" time="0.000" classname="RegressionTest">
      <failure type="AssertionFailure" message="expected { Object (id, _details, ...) } to have property 'code'">
        <![CDATA[Failed 1 times.]]>
        <![CDATA[Collection JSON ID: 0b0c8735-4da4-4753-8415-d2acfa72d693.]]>
        <![CDATA[Collection name: RegressionTest.]]>
        <![CDATA[Request name: Delete User.]]>
        <![CDATA[Test description: Get All Activities endpoint response code is 200.]]>
        <![CDATA[Error message: expected { Object (id, _details, ...) } to have property 'code'.]]>
        <![CDATA[Stacktrace: AssertionError: expected { Object (id, _details, ...) } to have property 'code'
   at Object.eval sandbox-script.js:1:25).]]>
      </failure>
    </testcase>
  </testsuite>
</testsuites>